-- run_test.py: invoking following command in '/home/roboclub/dev_ws/build/urg_node2':
 - /home/roboclub/dev_ws/build/urg_node2/urg_node2_test --gtest_output=xml:/home/roboclub/dev_ws/build/urg_node2/test_results/urg_node2/urg_node2_test.gtest.xml

[==========] Running 7 tests from 1 test suite.
[----------] Global test environment set-up.
[----------] 7 tests from UTM_30_LX_EW
[ RUN      ] UTM_30_LX_EW.normal_scan
[ERROR] [1677599565.113261168] [urg_node2]: Could not open network Hokuyo 2D LiDAR
192.168.0.10:10940
could not open ethernet port.
/home/roboclub/dev_ws/src/urg_node2/test/urg_node2_test.cpp:160: Failure
Expected equality of these values:
  node->get_current_state().label()
    Which is: "unconfigured"
  "inactive"
/home/roboclub/dev_ws/src/urg_node2/test/urg_node2_test.cpp:169: Failure
Expected equality of these values:
  (int)ep_scan.size()
    Which is: 0
  1
[WARN] [1677599575.114144684] [rcl_lifecycle]: No transition matching 3 found for current state unconfigured
[ERROR] [1677599575.114166307] []: Unable to start transition 3 from current state unconfigured: Transition is not registered., at ./src/rcl_lifecycle.c:355
/home/roboclub/dev_ws/src/urg_node2/test/urg_node2_test.cpp:185: Failure
Expected equality of these values:
  node->get_current_state().label()
    Which is: "unconfigured"
  "active"
/home/roboclub/dev_ws/src/urg_node2/test/urg_node2_test.cpp:194: Failure
Expected equality of these values:
  (int)ep_scan.size()
    Which is: 0
  1
/home/roboclub/dev_ws/src/urg_node2/test/urg_node2_test.cpp:199: Failure
Expected equality of these values:
  (int)ep_diag.size()
    Which is: 0
  1
/home/roboclub/dev_ws/src/urg_node2/test/urg_node2_test.cpp:208: Failure
Expected equality of these values:
  scan_msg.header.frame_id
    Which is: ""
  "laser"
/home/roboclub/dev_ws/src/urg_node2/test/urg_node2_test.cpp:209: Failure
The difference between scan_msg.angle_min and (2 * 3.14159265358979323846 * -540) / 1440.0 is 2.3561944901923448, which exceeds 1e-6, where
scan_msg.angle_min evaluates to 0,
(2 * 3.14159265358979323846 * -540) / 1440.0 evaluates to -2.3561944901923448, and
1e-6 evaluates to 9.9999999999999995e-07.
/home/roboclub/dev_ws/src/urg_node2/test/urg_node2_test.cpp:210: Failure
The difference between scan_msg.angle_max and (2 * 3.14159265358979323846 * 540) / 1440.0 is 2.3561944901923448, which exceeds 1e-6, where
scan_msg.angle_max evaluates to 0,
(2 * 3.14159265358979323846 * 540) / 1440.0 evaluates to 2.3561944901923448, and
1e-6 evaluates to 9.9999999999999995e-07.
/home/roboclub/dev_ws/src/urg_node2/test/urg_node2_test.cpp:211: Failure
The difference between scan_msg.angle_increment and 1 * (2 * 3.14159265358979323846 * 1) / 1440.0 is 0.0043633231299858239, which exceeds 1e-6, where
scan_msg.angle_increment evaluates to 0,
1 * (2 * 3.14159265358979323846 * 1) / 1440.0 evaluates to 0.0043633231299858239, and
1e-6 evaluates to 9.9999999999999995e-07.
/home/roboclub/dev_ws/src/urg_node2/test/urg_node2_test.cpp:212: Failure
The difference between scan_msg.time_increment and 1 * (270.0 / 360.0) * 0.025 / 1080.0 is 1.7361111111111114e-05, which exceeds 1e-6, where
scan_msg.time_increment evaluates to 0,
1 * (270.0 / 360.0) * 0.025 / 1080.0 evaluates to 1.7361111111111114e-05, and
1e-6 evaluates to 9.9999999999999995e-07.
/home/roboclub/dev_ws/src/urg_node2/test/urg_node2_test.cpp:213: Failure
The difference between scan_msg.scan_time and 0.025 is 0.025000000000000001, which exceeds 1e-6, where
scan_msg.scan_time evaluates to 0,
0.025 evaluates to 0.025000000000000001, and
1e-6 evaluates to 9.9999999999999995e-07.
/home/roboclub/dev_ws/src/urg_node2/test/urg_node2_test.cpp:214: Failure
The difference between scan_msg.range_min and 0.023 is 0.023, which exceeds 1e-6, where
scan_msg.range_min evaluates to 0,
0.023 evaluates to 0.023, and
1e-6 evaluates to 9.9999999999999995e-07.
/home/roboclub/dev_ws/src/urg_node2/test/urg_node2_test.cpp:215: Failure
The difference between scan_msg.range_max and 60.0 is 60, which exceeds 1e-6, where
scan_msg.range_max evaluates to 0,
60.0 evaluates to 60, and
1e-6 evaluates to 9.9999999999999995e-07.
/home/roboclub/dev_ws/src/urg_node2/test/urg_node2_test.cpp:216: Failure
Expected equality of these values:
  (int)scan_msg.ranges.size()
    Which is: 0
  1081
[  FAILED  ] UTM_30_LX_EW.normal_scan (22029 ms)
[ RUN      ] UTM_30_LX_EW.intensity_scan
[ERROR] [1677599587.133127575] [urg_node2]: Could not open network Hokuyo 2D LiDAR
192.168.0.10:10940
could not open ethernet port.
/home/roboclub/dev_ws/src/urg_node2/test/urg_node2_test.cpp:285: Failure
Expected equality of these values:
  node->get_current_state().label()
    Which is: "unconfigured"
  "inactive"
[WARN] [1677599587.133489051] [rcl_lifecycle]: No transition matching 3 found for current state unconfigured
[ERROR] [1677599587.133516732] []: Unable to start transition 3 from current state unconfigured: Transition is not registered., at ./src/rcl_lifecycle.c:355
/home/roboclub/dev_ws/src/urg_node2/test/urg_node2_test.cpp:290: Failure
Expected equality of these values:
  node->get_current_state().label()
    Which is: "unconfigured"
  "active"
