[0.020s] Invoking command in '/home/roboclub/dev_ws/build/urg_node2': AMENT_PREFIX_PATH=/home/roboclub/dev_ws/install/urg_node2:${AMENT_PREFIX_PATH} CMAKE_PREFIX_PATH=/home/roboclub/dev_ws/install/urg_node2:${CMAKE_PREFIX_PATH} LD_LIBRARY_PATH=/home/roboclub/dev_ws/install/urg_node2/lib:${LD_LIBRARY_PATH} /usr/bin/ctest -C Release -D ExperimentalTest --no-compress-output -V --force-new-ctest-process
[0.025s] UpdateCTestConfiguration  from :/home/roboclub/dev_ws/build/urg_node2/CTestConfiguration.ini
[0.025s] Parse Config file:/home/roboclub/dev_ws/build/urg_node2/CTestConfiguration.ini
[0.026s]    Site: roboclub-Latitude-5521
[0.026s]    Build name: (empty)
[0.026s]  Add coverage exclude regular expressions.
[0.026s] Create new tag: 20230228-1552 - Experimental
[0.026s] UpdateCTestConfiguration  from :/home/roboclub/dev_ws/build/urg_node2/CTestConfiguration.ini
[0.026s] Parse Config file:/home/roboclub/dev_ws/build/urg_node2/CTestConfiguration.ini
[0.026s] Test project /home/roboclub/dev_ws/build/urg_node2
[0.026s] Constructing a list of tests
[0.026s] Done constructing a list of tests
[0.026s] Updating test list for fixtures
[0.026s] Added 0 tests to meet fixture requirements
[0.026s] Checking test dependency graph...
[0.026s] Checking test dependency graph end
[0.026s] test 1
[0.027s]     Start 1: urg_node2_test
[0.027s] 
[0.027s] 1: Test command: /usr/bin/python3.10 "-u" "/opt/ros/humble/share/ament_cmake_test/cmake/run_test.py" "/home/roboclub/dev_ws/build/urg_node2/test_results/urg_node2/urg_node2_test.gtest.xml" "--package-name" "urg_node2" "--output-file" "/home/roboclub/dev_ws/build/urg_node2/ament_cmake_gtest/urg_node2_test.txt" "--command" "/home/roboclub/dev_ws/build/urg_node2/urg_node2_test" "--gtest_output=xml:/home/roboclub/dev_ws/build/urg_node2/test_results/urg_node2/urg_node2_test.gtest.xml"
[0.027s] 1: Test timeout computed to be: 200
[0.069s] 1: -- run_test.py: invoking following command in '/home/roboclub/dev_ws/build/urg_node2':
[0.069s] 1:  - /home/roboclub/dev_ws/build/urg_node2/urg_node2_test --gtest_output=xml:/home/roboclub/dev_ws/build/urg_node2/test_results/urg_node2/urg_node2_test.gtest.xml
[0.073s] 1: [==========] Running 7 tests from 1 test suite.
[0.074s] 1: [----------] Global test environment set-up.
[0.074s] 1: [----------] 7 tests from UTM_30_LX_EW
[0.074s] 1: [ RUN      ] UTM_30_LX_EW.normal_scan
[2.095s] 1: [ERROR] [1677599565.113261168] [urg_node2]: Could not open network Hokuyo 2D LiDAR
[2.096s] 1: 192.168.0.10:10940
[2.096s] 1: could not open ethernet port.
[2.096s] 1: /home/roboclub/dev_ws/src/urg_node2/test/urg_node2_test.cpp:160: Failure
[2.096s] 1: Expected equality of these values:
[2.096s] 1:   node->get_current_state().label()
[2.096s] 1:     Which is: "unconfigured"
[2.097s] 1:   "inactive"
[2.097s] 1: /home/roboclub/dev_ws/src/urg_node2/test/urg_node2_test.cpp:169: Failure
[2.097s] 1: Expected equality of these values:
[2.097s] 1:   (int)ep_scan.size()
[2.097s] 1:     Which is: 0
[2.097s] 1:   1
[12.096s] 1: [WARN] [1677599575.114144684] [rcl_lifecycle]: No transition matching 3 found for current state unconfigured
[12.096s] 1: [ERROR] [1677599575.114166307] []: Unable to start transition 3 from current state unconfigured: Transition is not registered., at ./src/rcl_lifecycle.c:355
[12.096s] 1: /home/roboclub/dev_ws/src/urg_node2/test/urg_node2_test.cpp:185: Failure
[12.096s] 1: Expected equality of these values:
[12.096s] 1:   node->get_current_state().label()
[12.096s] 1:     Which is: "unconfigured"
[12.096s] 1:   "active"
[12.096s] 1: /home/roboclub/dev_ws/src/urg_node2/test/urg_node2_test.cpp:194: Failure
[12.097s] 1: Expected equality of these values:
[12.097s] 1:   (int)ep_scan.size()
[12.097s] 1:     Which is: 0
[12.097s] 1:   1
[12.097s] 1: /home/roboclub/dev_ws/src/urg_node2/test/urg_node2_test.cpp:199: Failure
[12.097s] 1: Expected equality of these values:
[12.097s] 1:   (int)ep_diag.size()
[12.097s] 1:     Which is: 0
[12.097s] 1:   1
[22.097s] 1: /home/roboclub/dev_ws/src/urg_node2/test/urg_node2_test.cpp:208: Failure
[22.097s] 1: Expected equality of these values:
[22.097s] 1:   scan_msg.header.frame_id
[22.097s] 1:     Which is: ""
[22.097s] 1:   "laser"
[22.097s] 1: /home/roboclub/dev_ws/src/urg_node2/test/urg_node2_test.cpp:209: Failure
[22.097s] 1: The difference between scan_msg.angle_min and (2 * 3.14159265358979323846 * -540) / 1440.0 is 2.3561944901923448, which exceeds 1e-6, where
[22.097s] 1: scan_msg.angle_min evaluates to 0,
[22.097s] 1: (2 * 3.14159265358979323846 * -540) / 1440.0 evaluates to -2.3561944901923448, and
[22.097s] 1: 1e-6 evaluates to 9.9999999999999995e-07.
[22.097s] 1: /home/roboclub/dev_ws/src/urg_node2/test/urg_node2_test.cpp:210: Failure
[22.097s] 1: The difference between scan_msg.angle_max and (2 * 3.14159265358979323846 * 540) / 1440.0 is 2.3561944901923448, which exceeds 1e-6, where
[22.098s] 1: scan_msg.angle_max evaluates to 0,
[22.098s] 1: (2 * 3.14159265358979323846 * 540) / 1440.0 evaluates to 2.3561944901923448, and
[22.098s] 1: 1e-6 evaluates to 9.9999999999999995e-07.
[22.098s] 1: /home/roboclub/dev_ws/src/urg_node2/test/urg_node2_test.cpp:211: Failure
[22.098s] 1: The difference between scan_msg.angle_increment and 1 * (2 * 3.14159265358979323846 * 1) / 1440.0 is 0.0043633231299858239, which exceeds 1e-6, where
[22.098s] 1: scan_msg.angle_increment evaluates to 0,
[22.098s] 1: 1 * (2 * 3.14159265358979323846 * 1) / 1440.0 evaluates to 0.0043633231299858239, and
[22.098s] 1: 1e-6 evaluates to 9.9999999999999995e-07.
[22.098s] 1: /home/roboclub/dev_ws/src/urg_node2/test/urg_node2_test.cpp:212: Failure
[22.098s] 1: The difference between scan_msg.time_increment and 1 * (270.0 / 360.0) * 0.025 / 1080.0 is 1.7361111111111114e-05, which exceeds 1e-6, where
[22.098s] 1: scan_msg.time_increment evaluates to 0,
[22.098s] 1: 1 * (270.0 / 360.0) * 0.025 / 1080.0 evaluates to 1.7361111111111114e-05, and
[22.099s] 1: 1e-6 evaluates to 9.9999999999999995e-07.
[22.099s] 1: /home/roboclub/dev_ws/src/urg_node2/test/urg_node2_test.cpp:213: Failure
[22.099s] 1: The difference between scan_msg.scan_time and 0.025 is 0.025000000000000001, which exceeds 1e-6, where
[22.099s] 1: scan_msg.scan_time evaluates to 0,
[22.099s] 1: 0.025 evaluates to 0.025000000000000001, and
[22.099s] 1: 1e-6 evaluates to 9.9999999999999995e-07.
[22.099s] 1: /home/roboclub/dev_ws/src/urg_node2/test/urg_node2_test.cpp:214: Failure
[22.099s] 1: The difference between scan_msg.range_min and 0.023 is 0.023, which exceeds 1e-6, where
[22.099s] 1: scan_msg.range_min evaluates to 0,
[22.099s] 1: 0.023 evaluates to 0.023, and
[22.099s] 1: 1e-6 evaluates to 9.9999999999999995e-07.
[22.099s] 1: /home/roboclub/dev_ws/src/urg_node2/test/urg_node2_test.cpp:215: Failure
[22.099s] 1: The difference between scan_msg.range_max and 60.0 is 60, which exceeds 1e-6, where
[22.100s] 1: scan_msg.range_max evaluates to 0,
[22.100s] 1: 60.0 evaluates to 60, and
[22.100s] 1: 1e-6 evaluates to 9.9999999999999995e-07.
[22.100s] 1: /home/roboclub/dev_ws/src/urg_node2/test/urg_node2_test.cpp:216: Failure
[22.100s] 1: Expected equality of these values:
[22.100s] 1:   (int)scan_msg.ranges.size()
[22.100s] 1:     Which is: 0
[22.100s] 1:   1081
[22.102s] 1: [  FAILED  ] UTM_30_LX_EW.normal_scan (22029 ms)
[22.102s] 1: [ RUN      ] UTM_30_LX_EW.intensity_scan
[24.115s] 1: [ERROR] [1677599587.133127575] [urg_node2]: Could not open network Hokuyo 2D LiDAR
[24.116s] 1: 192.168.0.10:10940
[24.116s] 1: could not open ethernet port.
[24.116s] 1: /home/roboclub/dev_ws/src/urg_node2/test/urg_node2_test.cpp:285: Failure
[24.116s] 1: Expected equality of these values:
[24.116s] 1:   node->get_current_state().label()
[24.116s] 1:     Which is: "unconfigured"
[24.116s] 1:   "inactive"
[24.117s] 1: [WARN] [1677599587.133489051] [rcl_lifecycle]: No transition matching 3 found for current state unconfigured
[24.117s] 1: [ERROR] [1677599587.133516732] []: Unable to start transition 3 from current state unconfigured: Transition is not registered., at ./src/rcl_lifecycle.c:355
[24.117s] 1: /home/roboclub/dev_ws/src/urg_node2/test/urg_node2_test.cpp:290: Failure
[24.117s] 1: Expected equality of these values:
[24.117s] 1:   node->get_current_state().label()
[24.117s] 1:     Which is: "unconfigured"
[24.117s] 1:   "active"
[30.908s] Invoked command in '/home/roboclub/dev_ws/build/urg_node2' returned '-2': AMENT_PREFIX_PATH=/home/roboclub/dev_ws/install/urg_node2:${AMENT_PREFIX_PATH} CMAKE_PREFIX_PATH=/home/roboclub/dev_ws/install/urg_node2:${CMAKE_PREFIX_PATH} LD_LIBRARY_PATH=/home/roboclub/dev_ws/install/urg_node2/lib:${LD_LIBRARY_PATH} /usr/bin/ctest -C Release -D ExperimentalTest --no-compress-output -V --force-new-ctest-process
